<?xml version="1.0" encoding="UTF-8"?>
<coverage generated="1496773794">
  <project timestamp="1496773794">
    <package name="Islandora\Crayfish\Commons">
      <file name="/home/daniel/Code/PHP/Crayfish-Commons/src/ApixMiddleware.php">
        <class name="ApixMiddleware" namespace="Islandora\Crayfish\Commons" fullPackage="Islandora" package="Islandora">
          <metrics complexity="6" methods="3" coveredmethods="1" conditionals="0" coveredconditionals="0" statements="24" coveredstatements="17" elements="27" coveredelements="18"/>
        </class>
        <line num="33" type="method" name="__construct" visibility="public" complexity="1" crap="1" count="1"/>
        <line num="37" type="stmt" count="1"/>
        <line num="38" type="stmt" count="1"/>
        <line num="39" type="stmt" count="1"/>
        <line num="45" type="method" name="before" visibility="public" complexity="3" crap="3.02" count="2"/>
        <line num="48" type="stmt" count="2"/>
        <line num="49" type="stmt" count="1"/>
        <line num="50" type="stmt" count="1"/>
        <line num="51" type="stmt" count="1"/>
        <line num="52" type="stmt" count="1"/>
        <line num="57" type="stmt" count="1"/>
        <line num="60" type="stmt" count="1"/>
        <line num="61" type="stmt" count="1"/>
        <line num="62" type="stmt" count="1"/>
        <line num="63" type="stmt" count="1"/>
        <line num="64" type="stmt" count="1"/>
        <line num="65" type="stmt" count="1"/>
        <line num="67" type="stmt" count="1"/>
        <line num="68" type="stmt" count="1"/>
        <line num="74" type="stmt" count="0"/>
        <line num="75" type="stmt" count="0"/>
        <line num="77" type="method" name="getFedoraResource" visibility="protected" complexity="2" crap="6" count="0"/>
        <line num="80" type="stmt" count="0"/>
        <line num="81" type="stmt" count="0"/>
        <line num="82" type="stmt" count="0"/>
        <line num="85" type="stmt" count="0"/>
        <line num="87" type="stmt" count="0"/>
        <metrics loc="92" ncloc="62" classes="1" methods="3" coveredmethods="1" conditionals="0" coveredconditionals="0" statements="24" coveredstatements="17" elements="27" coveredelements="18"/>
      </file>
      <file name="/home/daniel/Code/PHP/Crayfish-Commons/src/CmdExecuteService.php">
        <class name="CmdExecuteService" namespace="Islandora\Crayfish\Commons" fullPackage="Islandora" package="Islandora">
          <metrics complexity="12" methods="4" coveredmethods="1" conditionals="0" coveredconditionals="0" statements="33" coveredstatements="2" elements="37" coveredelements="3"/>
        </class>
        <line num="24" type="method" name="__construct" visibility="public" complexity="1" crap="1" count="1"/>
        <line num="26" type="stmt" count="1"/>
        <line num="27" type="stmt" count="1"/>
        <line num="40" type="method" name="execute" visibility="public" complexity="8" crap="72" count="0"/>
        <line num="47" type="stmt" count="0"/>
        <line num="57" type="stmt" count="0"/>
        <line num="60" type="stmt" count="0"/>
        <line num="61" type="stmt" count="0"/>
        <line num="64" type="stmt" count="0"/>
        <line num="65" type="stmt" count="0"/>
        <line num="69" type="stmt" count="0"/>
        <line num="70" type="stmt" count="0"/>
        <line num="75" type="stmt" count="0"/>
        <line num="76" type="stmt" count="0"/>
        <line num="77" type="stmt" count="0"/>
        <line num="78" type="stmt" count="0"/>
        <line num="79" type="stmt" count="0"/>
        <line num="80" type="stmt" count="0"/>
        <line num="83" type="stmt" count="0"/>
        <line num="84" type="stmt" count="0"/>
        <line num="85" type="stmt" count="0"/>
        <line num="90" type="stmt" count="0"/>
        <line num="93" type="stmt" count="0"/>
        <line num="94" type="stmt" count="0"/>
        <line num="95" type="stmt" count="0"/>
        <line num="96" type="stmt" count="0"/>
        <line num="97" type="stmt" count="0"/>
        <line num="98" type="stmt" count="0"/>
        <line num="99" type="stmt" count="0"/>
        <line num="102" type="stmt" count="0"/>
        <line num="106" type="method" name="anonymous function" complexity="2" crap="6" count="0"/>
        <line num="114" type="stmt" count="0"/>
        <line num="117" type="method" name="cleanup" visibility="protected" complexity="1" crap="2" count="0"/>
        <line num="120" type="stmt" count="0"/>
        <line num="123" type="stmt" count="0"/>
        <line num="126" type="stmt" count="0"/>
        <line num="127" type="stmt" count="0"/>
        <metrics loc="128" ncloc="79" classes="1" methods="4" coveredmethods="1" conditionals="0" coveredconditionals="0" statements="33" coveredstatements="2" elements="37" coveredelements="3"/>
      </file>
    </package>
    <package name="Islandora\Crayfish\Commons\PathMapper">
      <file name="/home/daniel/Code/PHP/Crayfish-Commons/src/PathMapper/PathMapper.php">
        <class name="PathMapper" namespace="Islandora\Crayfish\Commons\PathMapper" fullPackage="Islandora" package="Islandora">
          <metrics complexity="8" methods="6" coveredmethods="3" conditionals="0" coveredconditionals="0" statements="26" coveredstatements="16" elements="32" coveredelements="19"/>
        </class>
        <line num="23" type="method" name="__construct" visibility="public" complexity="1" crap="1" count="4"/>
        <line num="25" type="stmt" count="4"/>
        <line num="26" type="stmt" count="4"/>
        <line num="31" type="method" name="getFedoraPath" visibility="public" complexity="2" crap="2" count="2"/>
        <line num="33" type="stmt" count="2"/>
        <line num="34" type="stmt" count="2"/>
        <line num="36" type="stmt" count="2"/>
        <line num="38" type="stmt" count="2"/>
        <line num="40" type="stmt" count="2"/>
        <line num="41" type="stmt" count="1"/>
        <line num="44" type="stmt" count="1"/>
        <line num="50" type="method" name="getDrupalPath" visibility="public" complexity="2" crap="2" count="2"/>
        <line num="52" type="stmt" count="2"/>
        <line num="53" type="stmt" count="2"/>
        <line num="55" type="stmt" count="2"/>
        <line num="57" type="stmt" count="2"/>
        <line num="59" type="stmt" count="2"/>
        <line num="60" type="stmt" count="1"/>
        <line num="63" type="stmt" count="1"/>
        <line num="69" type="method" name="createPair" visibility="public" complexity="1" crap="2" count="0"/>
        <line num="71" type="stmt" count="0"/>
        <line num="72" type="stmt" count="0"/>
        <line num="73" type="stmt" count="0"/>
        <line num="75" type="stmt" count="0"/>
        <line num="80" type="method" name="deleteFromDrupalPath" visibility="public" complexity="1" crap="2" count="0"/>
        <line num="82" type="stmt" count="0"/>
        <line num="83" type="stmt" count="0"/>
        <line num="84" type="stmt" count="0"/>
        <line num="91" type="method" name="deleteFromFedoraPath" visibility="public" complexity="1" crap="2" count="0"/>
        <line num="93" type="stmt" count="0"/>
        <line num="94" type="stmt" count="0"/>
        <line num="95" type="stmt" count="0"/>
        <metrics loc="98" ncloc="72" classes="1" methods="6" coveredmethods="3" conditionals="0" coveredconditionals="0" statements="26" coveredstatements="16" elements="32" coveredelements="19"/>
      </file>
    </package>
    <file name="/home/daniel/Code/PHP/Crayfish-Commons/src/PathMapper/PathMapperInterface.php">
      <metrics loc="45" ncloc="16" classes="0" methods="0" coveredmethods="0" conditionals="0" coveredconditionals="0" statements="0" coveredstatements="0" elements="0" coveredelements="0"/>
    </file>
    <package name="Islandora\Crayfish\Commons\Provider">
      <file name="/home/daniel/Code/PHP/Crayfish-Commons/src/Provider/IslandoraServiceProvider.php">
        <class name="IslandoraServiceProvider" namespace="Islandora\Crayfish\Commons\Provider">
          <metrics complexity="5" methods="1" coveredmethods="1" conditionals="0" coveredconditionals="0" statements="21" coveredstatements="21" elements="22" coveredelements="22"/>
        </class>
        <line num="23" type="method" name="register" visibility="public" complexity="4" crap="4" count="7"/>
        <line num="26" type="stmt" count="7"/>
        <line num="27" type="stmt" count="7"/>
        <line num="28" type="stmt" count="7"/>
        <line num="29" type="stmt" count="7"/>
        <line num="33" type="stmt" count="5"/>
        <line num="36" type="stmt" count="1"/>
        <line num="40" type="stmt" count="2"/>
        <line num="50" type="stmt" count="1"/>
        <line num="53" type="stmt" count="1"/>
        <line num="57" type="stmt" count="7"/>
        <line num="61" type="stmt" count="1"/>
        <line num="62" type="stmt" count="1"/>
        <line num="67" type="stmt" count="1"/>
        <line num="68" type="stmt" count="1"/>
        <line num="69" type="stmt" count="1"/>
        <line num="74" type="stmt" count="1"/>
        <line num="77" type="stmt" count="1"/>
        <line num="78" type="stmt" count="1"/>
        <line num="79" type="stmt" count="1"/>
        <line num="82" type="stmt" count="1"/>
        <line num="84" type="stmt" count="1"/>
        <line num="101" type="stmt" count="1"/>
        <line num="104" type="stmt" count="1"/>
        <line num="106" type="stmt" count="1"/>
        <line num="107" type="stmt" count="1"/>
        <line num="108" type="stmt" count="1"/>
        <line num="109" type="stmt" count="1"/>
        <line num="110" type="stmt" count="1"/>
        <line num="111" type="stmt" count="1"/>
        <line num="112" type="stmt" count="1"/>
        <line num="113" type="stmt" count="1"/>
        <line num="114" type="stmt" count="1"/>
        <line num="116" type="stmt" count="1"/>
        <line num="118" type="stmt" count="7"/>
        <metrics loc="119" ncloc="110" classes="1" methods="1" coveredmethods="1" conditionals="0" coveredconditionals="0" statements="34" coveredstatements="34" elements="35" coveredelements="35"/>
      </file>
      <file name="/home/daniel/Code/PHP/Crayfish-Commons/src/Provider/YamlConfigServiceProvider.php">
        <class name="YamlConfigServiceProvider" namespace="Islandora\Crayfish\Commons\Provider">
          <metrics complexity="10" methods="5" coveredmethods="4" conditionals="0" coveredconditionals="0" statements="19" coveredstatements="18" elements="24" coveredelements="22"/>
        </class>
        <line num="15" type="method" name="__construct" visibility="public" complexity="1" crap="1" count="2"/>
        <line num="17" type="stmt" count="2"/>
        <line num="18" type="stmt" count="2"/>
        <line num="19" type="stmt" count="2"/>
        <line num="21" type="method" name="getName" visibility="protected" complexity="1" crap="1" count="1"/>
        <line num="23" type="stmt" count="1"/>
        <line num="26" type="method" name="isAssocArray" visibility="protected" complexity="3" crap="3.07" count="1"/>
        <line num="28" type="stmt" count="1"/>
        <line num="29" type="stmt" count="1"/>
        <line num="32" type="stmt" count="1"/>
        <line num="33" type="stmt" count="0"/>
        <line num="36" type="stmt" count="1"/>
        <line num="39" type="method" name="parse" visibility="protected" complexity="3" crap="3" count="1"/>
        <line num="41" type="stmt" count="1"/>
        <line num="42" type="stmt" count="1"/>
        <line num="43" type="stmt" count="1"/>
        <line num="45" type="stmt" count="1"/>
        <line num="48" type="stmt" count="1"/>
        <line num="53" type="method" name="register" visibility="public" complexity="2" crap="2" count="2"/>
        <line num="55" type="stmt" count="2"/>
        <line num="56" type="stmt" count="1"/>
        <line num="58" type="stmt" count="1"/>
        <line num="59" type="stmt" count="1"/>
        <line num="60" type="stmt" count="1"/>
        <metrics loc="61" ncloc="58" classes="1" methods="5" coveredmethods="4" conditionals="0" coveredconditionals="0" statements="19" coveredstatements="18" elements="24" coveredelements="22"/>
      </file>
    </package>
    <package name="Islandora\Crayfish\Commons\Syn">
      <file name="/home/daniel/Code/PHP/Crayfish-Commons/src/Syn/JwtAuthenticator.php">
        <class name="JwtAuthenticator" namespace="Islandora\Crayfish\Commons\Syn">
          <metrics complexity="23" methods="8" coveredmethods="7" conditionals="0" coveredconditionals="0" statements="72" coveredstatements="69" elements="80" coveredelements="76"/>
        </class>
        <line num="23" type="method" name="__construct" visibility="public" complexity="2" crap="2" count="14"/>
        <line num="28" type="stmt" count="14"/>
        <line num="29" type="stmt" count="13"/>
        <line num="31" type="stmt" count="1"/>
        <line num="34" type="stmt" count="14"/>
        <line num="35" type="stmt" count="14"/>
        <line num="36" type="stmt" count="14"/>
        <line num="37" type="stmt" count="14"/>
        <line num="39" type="method" name="getCredentials" visibility="public" complexity="12" crap="12.05" count="9"/>
        <line num="42" type="stmt" count="9"/>
        <line num="43" type="stmt" count="9"/>
        <line num="44" type="stmt" count="1"/>
        <line num="45" type="stmt" count="1"/>
        <line num="47" type="stmt" count="8"/>
        <line num="48" type="stmt" count="1"/>
        <line num="49" type="stmt" count="1"/>
        <line num="51" type="stmt" count="7"/>
        <line num="52" type="stmt" count="7"/>
        <line num="55" type="stmt" count="7"/>
        <line num="56" type="stmt" count="1"/>
        <line num="58" type="stmt" count="1"/>
        <line num="60" type="stmt" count="1"/>
        <line num="61" type="stmt" count="1"/>
        <line num="67" type="stmt" count="6"/>
        <line num="68" type="stmt" count="0"/>
        <line num="69" type="stmt" count="0"/>
        <line num="70" type="stmt" count="0"/>
        <line num="74" type="stmt" count="6"/>
        <line num="75" type="stmt" count="6"/>
        <line num="76" type="stmt" count="2"/>
        <line num="77" type="stmt" count="2"/>
        <line num="79" type="stmt" count="5"/>
        <line num="80" type="stmt" count="1"/>
        <line num="81" type="stmt" count="1"/>
        <line num="83" type="stmt" count="5"/>
        <line num="84" type="stmt" count="1"/>
        <line num="85" type="stmt" count="1"/>
        <line num="87" type="stmt" count="5"/>
        <line num="88" type="stmt" count="1"/>
        <line num="89" type="stmt" count="1"/>
        <line num="91" type="stmt" count="5"/>
        <line num="92" type="stmt" count="1"/>
        <line num="93" type="stmt" count="1"/>
        <line num="95" type="stmt" count="5"/>
        <line num="96" type="stmt" count="1"/>
        <line num="97" type="stmt" count="1"/>
        <line num="100" type="stmt" count="5"/>
        <line num="101" type="stmt" count="1"/>
        <line num="102" type="stmt" count="1"/>
        <line num="106" type="stmt" count="5"/>
        <line num="107" type="stmt" count="5"/>
        <line num="108" type="stmt" count="5"/>
        <line num="109" type="stmt" count="5"/>
        <line num="113" type="method" name="getUser" visibility="public" complexity="1" crap="1" count="5"/>
        <line num="115" type="stmt" count="5"/>
        <line num="116" type="stmt" count="5"/>
        <line num="119" type="method" name="checkCredentials" visibility="public" complexity="4" crap="4" count="5"/>
        <line num="122" type="stmt" count="5"/>
        <line num="123" type="stmt" count="1"/>
        <line num="124" type="stmt" count="1"/>
        <line num="127" type="stmt" count="4"/>
        <line num="128" type="stmt" count="4"/>
        <line num="129" type="stmt" count="4"/>
        <line num="130" type="stmt" count="4"/>
        <line num="131" type="stmt" count="2"/>
        <line num="132" type="stmt" count="2"/>
        <line num="133" type="stmt" count="1"/>
        <line num="135" type="stmt" count="1"/>
        <line num="136" type="stmt" count="1"/>
        <line num="139" type="stmt" count="3"/>
        <line num="142" type="method" name="onAuthenticationSuccess" visibility="public" complexity="1" crap="1" count="1"/>
        <line num="145" type="stmt" count="1"/>
        <line num="148" type="method" name="onAuthenticationFailure" visibility="public" complexity="1" crap="1" count="1"/>
        <line num="151" type="stmt" count="1"/>
        <line num="153" type="stmt" count="1"/>
        <line num="156" type="method" name="start" visibility="public" complexity="1" crap="1" count="1"/>
        <line num="159" type="stmt" count="1"/>
        <line num="161" type="stmt" count="1"/>
        <line num="164" type="method" name="supportsRememberMe" visibility="public" complexity="1" crap="1" count="1"/>
        <line num="166" type="stmt" count="1"/>
        <metrics loc="168" ncloc="156" classes="1" methods="8" coveredmethods="7" conditionals="0" coveredconditionals="0" statements="72" coveredstatements="69" elements="80" coveredelements="76"/>
      </file>
      <file name="/home/daniel/Code/PHP/Crayfish-Commons/src/Syn/JwtFactory.php">
        <class name="JwtFactory" namespace="Islandora\Crayfish\Commons\Syn">
          <metrics complexity="1" methods="1" coveredmethods="0" conditionals="0" coveredconditionals="0" statements="1" coveredstatements="0" elements="2" coveredelements="0"/>
        </class>
        <line num="9" type="method" name="load" visibility="public" complexity="1" crap="2" count="0"/>
        <line num="11" type="stmt" count="0"/>
        <metrics loc="13" ncloc="13" classes="1" methods="1" coveredmethods="0" conditionals="0" coveredconditionals="0" statements="1" coveredstatements="0" elements="2" coveredelements="0"/>
      </file>
      <file name="/home/daniel/Code/PHP/Crayfish-Commons/src/Syn/JwtUser.php">
        <class name="JwtUser" namespace="Islandora\Crayfish\Commons\Syn">
          <metrics complexity="6" methods="6" coveredmethods="3" conditionals="0" coveredconditionals="0" statements="8" coveredstatements="5" elements="14" coveredelements="8"/>
        </class>
        <line num="12" type="method" name="__construct" visibility="public" complexity="1" crap="1" count="5"/>
        <line num="14" type="stmt" count="5"/>
        <line num="15" type="stmt" count="5"/>
        <line num="16" type="stmt" count="5"/>
        <line num="21" type="method" name="getRoles" visibility="public" complexity="1" crap="1" count="5"/>
        <line num="23" type="stmt" count="5"/>
        <line num="29" type="method" name="getUsername" visibility="public" complexity="1" crap="1" count="5"/>
        <line num="31" type="stmt" count="5"/>
        <line num="37" type="method" name="getPassword" visibility="public" complexity="1" crap="2" count="0"/>
        <line num="39" type="stmt" count="0"/>
        <line num="45" type="method" name="getSalt" visibility="public" complexity="1" crap="2" count="0"/>
        <line num="47" type="stmt" count="0"/>
        <line num="53" type="method" name="eraseCredentials" visibility="public" complexity="1" crap="2" count="0"/>
        <line num="55" type="stmt" count="0"/>
        <metrics loc="57" ncloc="42" classes="1" methods="6" coveredmethods="3" conditionals="0" coveredconditionals="0" statements="8" coveredstatements="5" elements="14" coveredelements="8"/>
      </file>
      <file name="/home/daniel/Code/PHP/Crayfish-Commons/src/Syn/SettingsParser.php">
        <class name="SettingsParser" namespace="Islandora\Crayfish\Commons\Syn" fullPackage="Islandora" package="Islandora">
          <metrics complexity="47" methods="9" coveredmethods="4" conditionals="0" coveredconditionals="0" statements="105" coveredstatements="96" elements="114" coveredelements="100"/>
        </class>
        <line num="37" type="method" name="__construct" visibility="public" complexity="6" crap="6.02" count="21"/>
        <line num="39" type="stmt" count="21"/>
        <line num="40" type="stmt" count="0"/>
        <line num="42" type="stmt" count="21"/>
        <line num="45" type="stmt" count="21"/>
        <line num="46" type="stmt" count="21"/>
        <line num="48" type="stmt" count="21"/>
        <line num="49" type="stmt" count="3"/>
        <line num="50" type="stmt" count="3"/>
        <line num="53" type="stmt" count="18"/>
        <line num="54" type="stmt" count="2"/>
        <line num="55" type="stmt" count="2"/>
        <line num="57" type="stmt" count="16"/>
        <line num="59" type="method" name="getKey" visibility="protected" complexity="3" crap="3" count="10"/>
        <line num="61" type="stmt" count="10"/>
        <line num="62" type="stmt" count="2"/>
        <line num="63" type="stmt" count="1"/>
        <line num="64" type="stmt" count="1"/>
        <line num="66" type="stmt" count="1"/>
        <line num="69" type="stmt" count="8"/>
        <line num="72" type="stmt" count="9"/>
        <line num="75" type="method" name="parseRsaSite" visibility="protected" complexity="5" crap="5.01" count="3"/>
        <line num="77" type="stmt" count="3"/>
        <line num="78" type="stmt" count="3"/>
        <line num="79" type="stmt" count="0"/>
        <line num="82" type="stmt" count="3"/>
        <line num="83" type="stmt" count="1"/>
        <line num="84" type="stmt" count="1"/>
        <line num="87" type="stmt" count="2"/>
        <line num="88" type="stmt" count="2"/>
        <line num="89" type="stmt" count="1"/>
        <line num="90" type="stmt" count="1"/>
        <line num="94" type="stmt" count="1"/>
        <line num="95" type="stmt" count="1"/>
        <line num="99" type="method" name="parseHmacSite" visibility="protected" complexity="6" crap="6" count="7"/>
        <line num="101" type="stmt" count="7"/>
        <line num="102" type="stmt" count="7"/>
        <line num="103" type="stmt" count="1"/>
        <line num="106" type="stmt" count="6"/>
        <line num="107" type="stmt" count="1"/>
        <line num="108" type="stmt" count="1"/>
        <line num="111" type="stmt" count="5"/>
        <line num="112" type="stmt" count="2"/>
        <line num="113" type="stmt" count="2"/>
        <line num="114" type="stmt" count="1"/>
        <line num="115" type="stmt" count="1"/>
        <line num="120" type="stmt" count="4"/>
        <line num="121" type="stmt" count="4"/>
        <line num="125" type="method" name="parseSite" visibility="protected" complexity="10" crap="10.46" count="13"/>
        <line num="128" type="stmt" count="13"/>
        <line num="129" type="stmt" count="1"/>
        <line num="130" type="stmt" count="1"/>
        <line num="134" type="stmt" count="12"/>
        <line num="135" type="stmt" count="0"/>
        <line num="136" type="stmt" count="0"/>
        <line num="139" type="stmt" count="12"/>
        <line num="140" type="stmt" count="12"/>
        <line num="141" type="stmt" count="12"/>
        <line num="143" type="stmt" count="12"/>
        <line num="144" type="stmt" count="12"/>
        <line num="145" type="stmt" count="2"/>
        <line num="146" type="stmt" count="2"/>
        <line num="149" type="stmt" count="10"/>
        <line num="150" type="stmt" count="3"/>
        <line num="151" type="stmt" count="7"/>
        <line num="152" type="stmt" count="7"/>
        <line num="154" type="stmt" count="0"/>
        <line num="155" type="stmt" count="0"/>
        <line num="158" type="stmt" count="10"/>
        <line num="159" type="stmt" count="5"/>
        <line num="161" type="stmt" count="5"/>
        <line num="162" type="stmt" count="5"/>
        <line num="163" type="stmt" count="5"/>
        <line num="167" type="method" name="parseToken" visibility="protected" complexity="4" crap="4.06" count="3"/>
        <line num="169" type="stmt" count="3"/>
        <line num="170" type="stmt" count="0"/>
        <line num="171" type="stmt" count="0"/>
        <line num="174" type="stmt" count="3"/>
        <line num="176" type="stmt" count="3"/>
        <line num="177" type="stmt" count="2"/>
        <line num="179" type="stmt" count="1"/>
        <line num="182" type="stmt" count="3"/>
        <line num="183" type="stmt" count="2"/>
        <line num="185" type="stmt" count="1"/>
        <line num="189" type="stmt" count="3"/>
        <line num="190" type="stmt" count="3"/>
        <line num="191" type="stmt" count="3"/>
        <line num="205" type="method" name="getSites" visibility="public" complexity="7" crap="7.02" count="17"/>
        <line num="207" type="stmt" count="17"/>
        <line num="208" type="stmt" count="17"/>
        <line num="209" type="stmt" count="17"/>
        <line num="210" type="stmt" count="4"/>
        <line num="212" type="stmt" count="13"/>
        <line num="213" type="stmt" count="13"/>
        <line num="214" type="stmt" count="13"/>
        <line num="215" type="stmt" count="13"/>
        <line num="216" type="stmt" count="5"/>
        <line num="217" type="stmt" count="0"/>
        <line num="219" type="stmt" count="5"/>
        <line num="220" type="stmt" count="13"/>
        <line num="225" type="stmt" count="13"/>
        <line num="237" type="method" name="getStaticTokens" visibility="public" complexity="5" crap="5" count="5"/>
        <line num="239" type="stmt" count="5"/>
        <line num="240" type="stmt" count="5"/>
        <line num="241" type="stmt" count="5"/>
        <line num="242" type="stmt" count="2"/>
        <line num="244" type="stmt" count="3"/>
        <line num="245" type="stmt" count="3"/>
        <line num="246" type="stmt" count="3"/>
        <line num="247" type="stmt" count="3"/>
        <line num="248" type="stmt" count="3"/>
        <line num="252" type="stmt" count="3"/>
        <line num="260" type="method" name="getValid" visibility="public" complexity="1" crap="1" count="21"/>
        <line num="262" type="stmt" count="21"/>
        <metrics loc="264" ncloc="216" classes="1" methods="9" coveredmethods="4" conditionals="0" coveredconditionals="0" statements="105" coveredstatements="96" elements="114" coveredelements="100"/>
      </file>
    </package>
    <metrics files="10" loc="1045" ncloc="824" classes="9" methods="43" coveredmethods="24" conditionals="0" coveredconditionals="0" statements="322" coveredstatements="257" elements="365" coveredelements="281"/>
  </project>
</coverage>
